#
# A fatal error has been detected by the Java Runtime Environment:
#
#  Internal Error (javaClasses.cpp:136), pid=7016, tid=5780
#  fatal error: Invalid layout of preloaded class
#
# JRE version:  (7.0_67-b01) (build )
# Java VM: Java HotSpot(TM) 64-Bit Server VM (24.65-b04 mixed mode windows-amd64 compressed oops)
# Failed to write core dump. Minidumps are not enabled by default on client versions of Windows
#
# If you would like to submit a bug report, please visit:
#   http://bugreport.sun.com/bugreport/crash.jsp
#

---------------  T H R E A D  ---------------

Current thread (0x0000000001ea0800):  JavaThread "Unknown thread" [_thread_in_vm, id=5780, stack(0x0000000001d00000,0x0000000001e00000)]

Stack: [0x0000000001d00000,0x0000000001e00000]
[error occurred during error reporting (printing stack bounds), id 0xc0000005]


---------------  P R O C E S S  ---------------

Java Threads: ( => current thread )

Other Threads:

=>0x0000000001ea0800 (exited) JavaThread "Unknown thread" [_thread_in_vm, id=5780, stack(0x0000000001d00000,0x0000000001e00000)]

VM state:not at safepoint (not fully initialized)

VM Mutex/Monitor currently owned by a thread: None

GC Heap History (0 events):
No events

Deoptimization events (0 events):
No events

Internal exceptions (0 events):
No events

Events (10 events):
Event: 0.017 loading class 0x0000000001ef0bd0 done
Event: 0.017 loading class 0x0000000001ef05f0 done
Event: 0.017 loading class 0x0000000001ef05d0
Event: 0.017 loading class 0x0000000001ef8720
Event: 0.017 loading class 0x0000000001ef8720 done
Event: 0.017 loading class 0x0000000001ef8750
Event: 0.017 loading class 0x0000000001ef8750 done
Event: 0.017 loading class 0x0000000001ef8780
Event: 0.017 loading class 0x0000000001ef8780 done
Event: 0.017 loading class 0x0000000001ef05d0 done


Dynamic libraries:
0x00007ff70bfc0000 - 0x00007ff70bff3000 	C:\Program Files\Java\jre7\bin\javaw.exe
0x00007ffbfc8e0000 - 0x00007ffbfca86000 	C:\Windows\SYSTEM32\ntdll.dll
0x00007ffbfc480000 - 0x00007ffbfc5ba000 	C:\Windows\system32\KERNEL32.DLL
0x00007ffbf9d30000 - 0x00007ffbf9e3f000 	C:\Windows\system32\KERNELBASE.dll
0x00007ffbf8650000 - 0x00007ffbf86d8000 	C:\Windows\system32\apphelp.dll
0x00007ffbe21f0000 - 0x00007ffbe223f000 	C:\Windows\AppPatch\AppPatch64\AcGenral.DLL
0x00007ffbfc700000 - 0x00007ffbfc7a7000 	C:\Windows\system32\msvcrt.dll
0x00007ffbf9b10000 - 0x00007ffbf9b3b000 	C:\Windows\SYSTEM32\SspiCli.dll
0x00007ffbfc880000 - 0x00007ffbfc8d1000 	C:\Windows\system32\SHLWAPI.dll
0x00007ffbfc1f0000 - 0x00007ffbfc361000 	C:\Windows\system32\USER32.dll
0x00007ffbfb760000 - 0x00007ffbfb8d8000 	C:\Windows\system32\ole32.dll
0x00007ffbfa350000 - 0x00007ffbfb75f000 	C:\Windows\system32\SHELL32.dll
0x00007ffbf93f0000 - 0x00007ffbf940e000 	C:\Windows\SYSTEM32\USERENV.dll
0x00007ffbfc370000 - 0x00007ffbfc415000 	C:\Windows\system32\ADVAPI32.dll
0x00007ffbec250000 - 0x00007ffbec26b000 	C:\Windows\SYSTEM32\MPR.dll
0x00007ffbfb8e0000 - 0x00007ffbfba17000 	C:\Windows\system32\RPCRT4.dll
0x00007ffbfc420000 - 0x00007ffbfc477000 	C:\Windows\SYSTEM32\sechost.dll
0x00007ffbfa170000 - 0x00007ffbfa346000 	C:\Windows\SYSTEM32\combase.dll
0x00007ffbfbbc0000 - 0x00007ffbfbd04000 	C:\Windows\system32\GDI32.dll
0x00007ffbf9c60000 - 0x00007ffbf9c74000 	C:\Windows\SYSTEM32\profapi.dll
0x00007ffbf86e0000 - 0x00007ffbf877f000 	C:\Windows\SYSTEM32\SHCORE.dll
0x00007ffbfc1b0000 - 0x00007ffbfc1e4000 	C:\Windows\system32\IMM32.DLL
0x00007ffbfbd10000 - 0x00007ffbfbe49000 	C:\Windows\system32\MSCTF.dll
0x00007ffbf7980000 - 0x00007ffbf7bda000 	C:\Windows\WinSxS\amd64_microsoft.windows.common-controls_6595b64144ccf1df_6.0.9600.17031_none_6242a4b3ecbb55a1\COMCTL32.dll
0x00000000511d0000 - 0x00000000512a2000 	C:\Program Files\Java\jre7\bin\msvcr100.dll
0x00000000509f0000 - 0x00000000511c2000 	C:\Program Files\Java\jre7\bin\server\jvm.dll
0x00007ffbf93e0000 - 0x00007ffbf93e9000 	C:\Windows\SYSTEM32\WSOCK32.dll
0x00007ffbf78c0000 - 0x00007ffbf78df000 	C:\Windows\SYSTEM32\WINMM.dll
0x00007ffbfc810000 - 0x00007ffbfc817000 	C:\Windows\system32\PSAPI.DLL
0x00007ffbfc820000 - 0x00007ffbfc878000 	C:\Windows\system32\WS2_32.dll
0x00007ffbf7880000 - 0x00007ffbf78aa000 	C:\Windows\SYSTEM32\WINMMBASE.dll
0x00007ffbfc5e0000 - 0x00007ffbfc5e9000 	C:\Windows\system32\NSI.dll
0x00007ffbfa120000 - 0x00007ffbfa16a000 	C:\Windows\SYSTEM32\cfgmgr32.dll
0x00007ffbf8960000 - 0x00007ffbf8986000 	C:\Windows\SYSTEM32\DEVOBJ.dll
0x0000000052650000 - 0x000000005265f000 	C:\Program Files\Java\jre7\bin\verify.dll
0x0000000052520000 - 0x0000000052548000 	C:\Program Files\Java\jre7\bin\java.dll
0x00000000513f0000 - 0x0000000051405000 	C:\Program Files\Java\jre7\bin\zip.dll

VM Arguments:
jvm_args: -Dfile.encoding=Cp1252 -Xbootclasspath:D:\Mobile Application Development\adt-bundle-windows-x86_64-20140702\sdk\platforms\android-19\android.jar 
java_command: com.example.bbcnewsapp.DatabaseConfigUtil
Launcher Type: SUN_STANDARD

Environment Variables:
PATH=C:\Program Files (x86)\Intel\iCLS Client\;C:\Program Files\Intel\iCLS Client\;C:\Program Files (x86)\NVIDIA Corporation\PhysX\Common;C:\Windows\system32;C:\Windows;C:\Windows\System32\Wbem;C:\Windows\System32\WindowsPowerShell\v1.0\;C:\Program Files\Intel\Intel(R) Management Engine Components\DAL;C:\Program Files (x86)\Intel\Intel(R) Management Engine Components\DAL;C:\Program Files\Intel\Intel(R) Management Engine Components\IPT;C:\Program Files (x86)\Intel\Intel(R) Management Engine Components\IPT;C:\Program Files\Intel\WiFi\bin\;C:\Program Files\Common Files\Intel\WirelessCommon\;C:\Program Files (x86)\EgisTec BioExcess\x64;C:\Program Files (x86)\EgisTec BioExcess\;C:\Program Files\Intel\WiFi\bin\;C:\Program Files\Common Files\Intel\WirelessCommon\
USERNAME=Akshay Pandian
OS=Windows_NT
PROCESSOR_IDENTIFIER=Intel64 Family 6 Model 60 Stepping 3, GenuineIntel



---------------  S Y S T E M  ---------------

OS: Windows 8.1 , 64 bit Build 9600 

CPU:total 8 (4 cores per cpu, 2 threads per core) family 6 model 60 stepping 3, cmov, cx8, fxsr, mmx, sse, sse2, sse3, ssse3, sse4.1, sse4.2, popcnt, avx, avx2, aes, erms, ht, tsc, tscinvbit

Memory: 4k page, physical 12497108k(8275864k free), swap 14397652k(8667416k free)

vm_info: Java HotSpot(TM) 64-Bit Server VM (24.65-b04) for windows-amd64 JRE (1.7.0_67-b01), built on Jul 25 2014 08:55:00 by "java_re" with unknown MS VC++:1600

time: Mon Oct 20 19:22:44 2014
elapsed time: 0 seconds

